<?xml version="1.0" encoding="UTF-8"?>
<robot generator="Robot 7.3.2 (Python 3.11.13 on linux)" generated="2025-08-28T17:07:55.549355" rpa="false" schemaversion="5">
<suite id="s1" name="MeuTeste" source="/home/isadev/Projects/framework-robot/teste-framework/MeuTeste.robot">
<test id="s1-t1" name="Caso numero 01" line="5">
<kw name="Minha primeira keyword" owner="MeuResource">
<kw name="Log To Console" owner="BuiltIn">
<arg>${\n}Olá, Mundo!</arg>
<doc>Logs the given message to the console.</doc>
<status status="PASS" start="2025-08-28T17:07:55.570347" elapsed="0.000185"/>
</kw>
<status status="PASS" start="2025-08-28T17:07:55.569996" elapsed="0.000599"/>
</kw>
<status status="PASS" start="2025-08-28T17:07:55.569605" elapsed="0.001082"/>
</test>
<status status="PASS" start="2025-08-28T17:07:55.550071" elapsed="0.020859"/>
</suite>
<statistics>
<total>
<stat pass="1" fail="0" skip="0">All Tests</stat>
</total>
<tag>
</tag>
<suite>
<stat name="MeuTeste" id="s1" pass="1" fail="0" skip="0">MeuTeste</stat>
</suite>
</statistics>
<errors>
</errors>
</robot>
